ERROR [qtp159259014-20 - /v1/users/get-list] 2017-11-13 22:15:17,405 ClientPoolByHost.java (line 54) Uncaught exception
java.lang.ClassNotFoundException: com.mysql.jdbc.Driver
	at java.net.URLClassLoader.findClass(URLClassLoader.java:381)
	at java.lang.ClassLoader.loadClass(ClassLoader.java:424)
	at sun.misc.Launcher$AppClassLoader.loadClass(Launcher.java:331)
	at java.lang.ClassLoader.loadClass(ClassLoader.java:357)
	at java.lang.Class.forName0(Native Method)
	at java.lang.Class.forName(Class.java:264)
	at com.kyt.framework.dbconn.ClientObjectFactory.makeObject(ClientObjectFactory.java:43)
	at org.apache.commons.pool.impl.GenericObjectPool.borrowObject(GenericObjectPool.java:1188)
	at com.kyt.framework.dbconn.ClientPoolByHost.borrowClient(ClientPoolByHost.java:52)
	at com.kyt.framework.dbconn.ClientManager.borrowClient(ClientManager.java:42)
	at model.UserDA.getUsers(UserDA.java:223)
	at bussiness.UserBC.getUsers(UserBC.java:68)
	at api.serviceUtils.UserService.getUsers(UserService.java:239)
	at api.controller.user.UserControllerv1.getList(UserControllerv1.java:159)
	at api.controller.user.UserControllerv1.processRequest(UserControllerv1.java:62)
	at api.baseController.BaseController.processRequest(BaseController.java:73)
	at api.servlet.UserServlet.doGet(UserServlet.java:48)
	at api.servlet.UserServlet.doPost(UserServlet.java:69)
	at javax.servlet.http.HttpServlet.service(HttpServlet.java:707)
	at javax.servlet.http.HttpServlet.service(HttpServlet.java:790)
	at org.eclipse.jetty.servlet.ServletHolder.handle(ServletHolder.java:696)
	at org.eclipse.jetty.servlet.ServletHandler.doHandle(ServletHandler.java:526)
	at org.eclipse.jetty.server.session.SessionHandler.doHandle(SessionHandler.java:219)
	at org.eclipse.jetty.server.handler.ContextHandler.doHandle(ContextHandler.java:1110)
	at org.eclipse.jetty.servlet.ServletHandler.doScope(ServletHandler.java:453)
	at org.eclipse.jetty.server.session.SessionHandler.doScope(SessionHandler.java:183)
	at org.eclipse.jetty.server.handler.ContextHandler.doScope(ContextHandler.java:1044)
	at org.eclipse.jetty.server.handler.ScopedHandler.handle(ScopedHandler.java:141)
	at org.eclipse.jetty.server.Dispatcher.forward(Dispatcher.java:261)
	at org.eclipse.jetty.server.Dispatcher.forward(Dispatcher.java:101)
	at nct.rewrite.handle.NctRewrite.forwardRequestAPIMobile(NctRewrite.java:226)
	at api.servlet.RedirectServlet.doGet(RedirectServlet.java:38)
	at api.servlet.RedirectServlet.doPost(RedirectServlet.java:49)
	at javax.servlet.http.HttpServlet.service(HttpServlet.java:707)
	at javax.servlet.http.HttpServlet.service(HttpServlet.java:790)
	at org.eclipse.jetty.servlet.ServletHolder.handle(ServletHolder.java:696)
	at org.eclipse.jetty.servlet.ServletHandler$CachedChain.doFilter(ServletHandler.java:1568)
	at org.eclipse.jetty.servlets.UserAgentFilter.doFilter(UserAgentFilter.java:83)
	at org.eclipse.jetty.servlets.GzipFilter.doFilter(GzipFilter.java:295)
	at org.eclipse.jetty.servlet.ServletHandler$CachedChain.doFilter(ServletHandler.java:1539)
	at org.eclipse.jetty.servlet.ServletHandler.doHandle(ServletHandler.java:524)
	at org.eclipse.jetty.server.session.SessionHandler.doHandle(SessionHandler.java:219)
	at org.eclipse.jetty.server.handler.ContextHandler.doHandle(ContextHandler.java:1110)
	at org.eclipse.jetty.servlet.ServletHandler.doScope(ServletHandler.java:453)
	at org.eclipse.jetty.server.session.SessionHandler.doScope(SessionHandler.java:183)
	at org.eclipse.jetty.server.handler.ContextHandler.doScope(ContextHandler.java:1044)
	at org.eclipse.jetty.server.handler.ScopedHandler.handle(ScopedHandler.java:141)
	at org.eclipse.jetty.server.handler.HandlerCollection.handle(HandlerCollection.java:109)
	at org.eclipse.jetty.server.handler.HandlerWrapper.handle(HandlerWrapper.java:97)
	at org.eclipse.jetty.server.Server.handle(Server.java:459)
	at org.eclipse.jetty.server.HttpChannel.handle(HttpChannel.java:280)
	at org.eclipse.jetty.server.HttpConnection.onFillable(HttpConnection.java:229)
	at org.eclipse.jetty.io.AbstractConnection$1.run(AbstractConnection.java:505)
	at org.eclipse.jetty.util.thread.QueuedThreadPool.runJob(QueuedThreadPool.java:607)
	at org.eclipse.jetty.util.thread.QueuedThreadPool$3.run(QueuedThreadPool.java:536)
	at java.lang.Thread.run(Thread.java:745)
ERROR [qtp159259014-20 - /v1/users/get-list] 2017-11-13 22:15:17,414 UserBC.java (line 70) [Ljava.lang.StackTraceElement;@3ba10b00
ERROR [qtp785447854-22 - /v1/users/get-list] 2017-11-13 22:16:44,410 ClientPoolByHost.java (line 54) Uncaught exception
java.lang.ClassNotFoundException: com.mysql.jdbc.Driver
	at java.net.URLClassLoader.findClass(URLClassLoader.java:381)
	at java.lang.ClassLoader.loadClass(ClassLoader.java:424)
	at sun.misc.Launcher$AppClassLoader.loadClass(Launcher.java:331)
	at java.lang.ClassLoader.loadClass(ClassLoader.java:357)
	at java.lang.Class.forName0(Native Method)
	at java.lang.Class.forName(Class.java:264)
	at com.kyt.framework.dbconn.ClientObjectFactory.makeObject(ClientObjectFactory.java:43)
	at org.apache.commons.pool.impl.GenericObjectPool.borrowObject(GenericObjectPool.java:1188)
	at com.kyt.framework.dbconn.ClientPoolByHost.borrowClient(ClientPoolByHost.java:52)
	at com.kyt.framework.dbconn.ClientManager.borrowClient(ClientManager.java:42)
	at model.UserDA.getUsers(UserDA.java:223)
	at bussiness.UserBC.getUsers(UserBC.java:68)
	at api.serviceUtils.UserService.getUsers(UserService.java:239)
	at api.controller.user.UserControllerv1.getList(UserControllerv1.java:159)
	at api.controller.user.UserControllerv1.processRequest(UserControllerv1.java:62)
	at api.baseController.BaseController.processRequest(BaseController.java:73)
	at api.servlet.UserServlet.doGet(UserServlet.java:48)
	at api.servlet.UserServlet.doPost(UserServlet.java:69)
	at javax.servlet.http.HttpServlet.service(HttpServlet.java:707)
	at javax.servlet.http.HttpServlet.service(HttpServlet.java:790)
	at org.eclipse.jetty.servlet.ServletHolder.handle(ServletHolder.java:696)
	at org.eclipse.jetty.servlet.ServletHandler.doHandle(ServletHandler.java:526)
	at org.eclipse.jetty.server.session.SessionHandler.doHandle(SessionHandler.java:219)
	at org.eclipse.jetty.server.handler.ContextHandler.doHandle(ContextHandler.java:1110)
	at org.eclipse.jetty.servlet.ServletHandler.doScope(ServletHandler.java:453)
	at org.eclipse.jetty.server.session.SessionHandler.doScope(SessionHandler.java:183)
	at org.eclipse.jetty.server.handler.ContextHandler.doScope(ContextHandler.java:1044)
	at org.eclipse.jetty.server.handler.ScopedHandler.handle(ScopedHandler.java:141)
	at org.eclipse.jetty.server.Dispatcher.forward(Dispatcher.java:261)
	at org.eclipse.jetty.server.Dispatcher.forward(Dispatcher.java:101)
	at nct.rewrite.handle.NctRewrite.forwardRequestAPIMobile(NctRewrite.java:226)
	at api.servlet.RedirectServlet.doGet(RedirectServlet.java:38)
	at api.servlet.RedirectServlet.doPost(RedirectServlet.java:49)
	at javax.servlet.http.HttpServlet.service(HttpServlet.java:707)
	at javax.servlet.http.HttpServlet.service(HttpServlet.java:790)
	at org.eclipse.jetty.servlet.ServletHolder.handle(ServletHolder.java:696)
	at org.eclipse.jetty.servlet.ServletHandler$CachedChain.doFilter(ServletHandler.java:1568)
	at org.eclipse.jetty.servlets.UserAgentFilter.doFilter(UserAgentFilter.java:83)
	at org.eclipse.jetty.servlets.GzipFilter.doFilter(GzipFilter.java:295)
	at org.eclipse.jetty.servlet.ServletHandler$CachedChain.doFilter(ServletHandler.java:1539)
	at org.eclipse.jetty.servlet.ServletHandler.doHandle(ServletHandler.java:524)
	at org.eclipse.jetty.server.session.SessionHandler.doHandle(SessionHandler.java:219)
	at org.eclipse.jetty.server.handler.ContextHandler.doHandle(ContextHandler.java:1110)
	at org.eclipse.jetty.servlet.ServletHandler.doScope(ServletHandler.java:453)
	at org.eclipse.jetty.server.session.SessionHandler.doScope(SessionHandler.java:183)
	at org.eclipse.jetty.server.handler.ContextHandler.doScope(ContextHandler.java:1044)
	at org.eclipse.jetty.server.handler.ScopedHandler.handle(ScopedHandler.java:141)
	at org.eclipse.jetty.server.handler.HandlerCollection.handle(HandlerCollection.java:109)
	at org.eclipse.jetty.server.handler.HandlerWrapper.handle(HandlerWrapper.java:97)
	at org.eclipse.jetty.server.Server.handle(Server.java:459)
	at org.eclipse.jetty.server.HttpChannel.handle(HttpChannel.java:280)
	at org.eclipse.jetty.server.HttpConnection.onFillable(HttpConnection.java:229)
	at org.eclipse.jetty.io.AbstractConnection$1.run(AbstractConnection.java:505)
	at org.eclipse.jetty.util.thread.QueuedThreadPool.runJob(QueuedThreadPool.java:607)
	at org.eclipse.jetty.util.thread.QueuedThreadPool$3.run(QueuedThreadPool.java:536)
	at java.lang.Thread.run(Thread.java:745)
ERROR [qtp785447854-22 - /v1/users/get-list] 2017-11-13 22:16:44,430 UserBC.java (line 70) [Ljava.lang.StackTraceElement;@36272a88
ERROR [qtp785447854-22 - /v1/users/get-list] 2017-11-13 22:18:20,825 ClientPoolByHost.java (line 54) Uncaught exception
java.lang.ClassNotFoundException: com.mysql.jdbc.Driver
	at java.net.URLClassLoader.findClass(URLClassLoader.java:381)
	at java.lang.ClassLoader.loadClass(ClassLoader.java:424)
	at sun.misc.Launcher$AppClassLoader.loadClass(Launcher.java:331)
	at java.lang.ClassLoader.loadClass(ClassLoader.java:357)
	at java.lang.Class.forName0(Native Method)
	at java.lang.Class.forName(Class.java:264)
	at com.kyt.framework.dbconn.ClientObjectFactory.makeObject(ClientObjectFactory.java:43)
	at org.apache.commons.pool.impl.GenericObjectPool.borrowObject(GenericObjectPool.java:1188)
	at com.kyt.framework.dbconn.ClientPoolByHost.borrowClient(ClientPoolByHost.java:52)
	at com.kyt.framework.dbconn.ClientManager.borrowClient(ClientManager.java:42)
	at model.UserDA.getUsers(UserDA.java:223)
	at bussiness.UserBC.getUsers(UserBC.java:68)
	at api.serviceUtils.UserService.getUsers(UserService.java:239)
	at api.controller.user.UserControllerv1.getList(UserControllerv1.java:159)
	at api.controller.user.UserControllerv1.processRequest(UserControllerv1.java:62)
	at api.baseController.BaseController.processRequest(BaseController.java:73)
	at api.servlet.UserServlet.doGet(UserServlet.java:48)
	at api.servlet.UserServlet.doPost(UserServlet.java:69)
	at javax.servlet.http.HttpServlet.service(HttpServlet.java:707)
	at javax.servlet.http.HttpServlet.service(HttpServlet.java:790)
	at org.eclipse.jetty.servlet.ServletHolder.handle(ServletHolder.java:696)
	at org.eclipse.jetty.servlet.ServletHandler.doHandle(ServletHandler.java:526)
	at org.eclipse.jetty.server.session.SessionHandler.doHandle(SessionHandler.java:219)
	at org.eclipse.jetty.server.handler.ContextHandler.doHandle(ContextHandler.java:1110)
	at org.eclipse.jetty.servlet.ServletHandler.doScope(ServletHandler.java:453)
	at org.eclipse.jetty.server.session.SessionHandler.doScope(SessionHandler.java:183)
	at org.eclipse.jetty.server.handler.ContextHandler.doScope(ContextHandler.java:1044)
	at org.eclipse.jetty.server.handler.ScopedHandler.handle(ScopedHandler.java:141)
	at org.eclipse.jetty.server.Dispatcher.forward(Dispatcher.java:261)
	at org.eclipse.jetty.server.Dispatcher.forward(Dispatcher.java:101)
	at nct.rewrite.handle.NctRewrite.forwardRequestAPIMobile(NctRewrite.java:226)
	at api.servlet.RedirectServlet.doGet(RedirectServlet.java:38)
	at api.servlet.RedirectServlet.doPost(RedirectServlet.java:49)
	at javax.servlet.http.HttpServlet.service(HttpServlet.java:707)
	at javax.servlet.http.HttpServlet.service(HttpServlet.java:790)
	at org.eclipse.jetty.servlet.ServletHolder.handle(ServletHolder.java:696)
	at org.eclipse.jetty.servlet.ServletHandler$CachedChain.doFilter(ServletHandler.java:1568)
	at org.eclipse.jetty.servlets.UserAgentFilter.doFilter(UserAgentFilter.java:83)
	at org.eclipse.jetty.servlets.GzipFilter.doFilter(GzipFilter.java:295)
	at org.eclipse.jetty.servlet.ServletHandler$CachedChain.doFilter(ServletHandler.java:1539)
	at org.eclipse.jetty.servlet.ServletHandler.doHandle(ServletHandler.java:524)
	at org.eclipse.jetty.server.session.SessionHandler.doHandle(SessionHandler.java:219)
	at org.eclipse.jetty.server.handler.ContextHandler.doHandle(ContextHandler.java:1110)
	at org.eclipse.jetty.servlet.ServletHandler.doScope(ServletHandler.java:453)
	at org.eclipse.jetty.server.session.SessionHandler.doScope(SessionHandler.java:183)
	at org.eclipse.jetty.server.handler.ContextHandler.doScope(ContextHandler.java:1044)
	at org.eclipse.jetty.server.handler.ScopedHandler.handle(ScopedHandler.java:141)
	at org.eclipse.jetty.server.handler.HandlerCollection.handle(HandlerCollection.java:109)
	at org.eclipse.jetty.server.handler.HandlerWrapper.handle(HandlerWrapper.java:97)
	at org.eclipse.jetty.server.Server.handle(Server.java:459)
	at org.eclipse.jetty.server.HttpChannel.handle(HttpChannel.java:280)
	at org.eclipse.jetty.server.HttpConnection.onFillable(HttpConnection.java:229)
	at org.eclipse.jetty.io.AbstractConnection$1.run(AbstractConnection.java:505)
	at org.eclipse.jetty.util.thread.QueuedThreadPool.runJob(QueuedThreadPool.java:607)
	at org.eclipse.jetty.util.thread.QueuedThreadPool$3.run(QueuedThreadPool.java:536)
	at java.lang.Thread.run(Thread.java:745)
ERROR [qtp785447854-22 - /v1/users/get-list] 2017-11-13 22:18:45,072 UserBC.java (line 70) [Ljava.lang.StackTraceElement;@704feb2b
ERROR [qtp356473385-14 - /v1/users/get-list] 2017-11-13 22:19:51,329 UserDA.java (line 302) com.mysql.jdbc.exceptions.jdbc4.MySQLSyntaxErrorException: Unknown column 'id' in 'field list'
	at sun.reflect.NativeConstructorAccessorImpl.newInstance0(Native Method)
	at sun.reflect.NativeConstructorAccessorImpl.newInstance(NativeConstructorAccessorImpl.java:62)
	at sun.reflect.DelegatingConstructorAccessorImpl.newInstance(DelegatingConstructorAccessorImpl.java:45)
	at java.lang.reflect.Constructor.newInstance(Constructor.java:423)
	at com.mysql.jdbc.Util.handleNewInstance(Util.java:411)
	at com.mysql.jdbc.Util.getInstance(Util.java:386)
	at com.mysql.jdbc.SQLError.createSQLException(SQLError.java:1052)
	at com.mysql.jdbc.MysqlIO.checkErrorPacket(MysqlIO.java:4098)
	at com.mysql.jdbc.MysqlIO.checkErrorPacket(MysqlIO.java:4030)
	at com.mysql.jdbc.MysqlIO.sendCommand(MysqlIO.java:2490)
	at com.mysql.jdbc.MysqlIO.sqlQueryDirect(MysqlIO.java:2651)
	at com.mysql.jdbc.ConnectionImpl.execSQL(ConnectionImpl.java:2677)
	at com.mysql.jdbc.PreparedStatement.executeInternal(PreparedStatement.java:2134)
	at com.mysql.jdbc.PreparedStatement.executeQuery(PreparedStatement.java:2300)
	at model.UserDA.getUsers(UserDA.java:287)
	at bussiness.UserBC.getUsers(UserBC.java:68)
	at api.serviceUtils.UserService.getUsers(UserService.java:239)
	at api.controller.user.UserControllerv1.getList(UserControllerv1.java:159)
	at api.controller.user.UserControllerv1.processRequest(UserControllerv1.java:62)
	at api.baseController.BaseController.processRequest(BaseController.java:73)
	at api.servlet.UserServlet.doGet(UserServlet.java:48)
	at api.servlet.UserServlet.doPost(UserServlet.java:69)
	at javax.servlet.http.HttpServlet.service(HttpServlet.java:707)
	at javax.servlet.http.HttpServlet.service(HttpServlet.java:790)
	at org.eclipse.jetty.servlet.ServletHolder.handle(ServletHolder.java:696)
	at org.eclipse.jetty.servlet.ServletHandler.doHandle(ServletHandler.java:526)
	at org.eclipse.jetty.server.session.SessionHandler.doHandle(SessionHandler.java:219)
	at org.eclipse.jetty.server.handler.ContextHandler.doHandle(ContextHandler.java:1110)
	at org.eclipse.jetty.servlet.ServletHandler.doScope(ServletHandler.java:453)
	at org.eclipse.jetty.server.session.SessionHandler.doScope(SessionHandler.java:183)
	at org.eclipse.jetty.server.handler.ContextHandler.doScope(ContextHandler.java:1044)
	at org.eclipse.jetty.server.handler.ScopedHandler.handle(ScopedHandler.java:141)
	at org.eclipse.jetty.server.Dispatcher.forward(Dispatcher.java:261)
	at org.eclipse.jetty.server.Dispatcher.forward(Dispatcher.java:101)
	at nct.rewrite.handle.NctRewrite.forwardRequestAPIMobile(NctRewrite.java:226)
	at api.servlet.RedirectServlet.doGet(RedirectServlet.java:38)
	at api.servlet.RedirectServlet.doPost(RedirectServlet.java:49)
	at javax.servlet.http.HttpServlet.service(HttpServlet.java:707)
	at javax.servlet.http.HttpServlet.service(HttpServlet.java:790)
	at org.eclipse.jetty.servlet.ServletHolder.handle(ServletHolder.java:696)
	at org.eclipse.jetty.servlet.ServletHandler$CachedChain.doFilter(ServletHandler.java:1568)
	at org.eclipse.jetty.servlets.UserAgentFilter.doFilter(UserAgentFilter.java:83)
	at org.eclipse.jetty.servlets.GzipFilter.doFilter(GzipFilter.java:295)
	at org.eclipse.jetty.servlet.ServletHandler$CachedChain.doFilter(ServletHandler.java:1539)
	at org.eclipse.jetty.servlet.ServletHandler.doHandle(ServletHandler.java:524)
	at org.eclipse.jetty.server.session.SessionHandler.doHandle(SessionHandler.java:219)
	at org.eclipse.jetty.server.handler.ContextHandler.doHandle(ContextHandler.java:1110)
	at org.eclipse.jetty.servlet.ServletHandler.doScope(ServletHandler.java:453)
	at org.eclipse.jetty.server.session.SessionHandler.doScope(SessionHandler.java:183)
	at org.eclipse.jetty.server.handler.ContextHandler.doScope(ContextHandler.java:1044)
	at org.eclipse.jetty.server.handler.ScopedHandler.handle(ScopedHandler.java:141)
	at org.eclipse.jetty.server.handler.HandlerCollection.handle(HandlerCollection.java:109)
	at org.eclipse.jetty.server.handler.HandlerWrapper.handle(HandlerWrapper.java:97)
	at org.eclipse.jetty.server.Server.handle(Server.java:459)
	at org.eclipse.jetty.server.HttpChannel.handle(HttpChannel.java:280)
	at org.eclipse.jetty.server.HttpConnection.onFillable(HttpConnection.java:229)
	at org.eclipse.jetty.io.AbstractConnection$1.run(AbstractConnection.java:505)
	at org.eclipse.jetty.util.thread.QueuedThreadPool.runJob(QueuedThreadPool.java:607)
	at org.eclipse.jetty.util.thread.QueuedThreadPool$3.run(QueuedThreadPool.java:536)
	at java.lang.Thread.run(Thread.java:745)

ERROR [qtp346224929-22 - /v1/users/get-list] 2017-11-13 22:21:01,635 UserDA.java (line 302) com.mysql.jdbc.exceptions.jdbc4.MySQLSyntaxErrorException: Unknown column 'id' in 'field list'
	at sun.reflect.NativeConstructorAccessorImpl.newInstance0(Native Method)
	at sun.reflect.NativeConstructorAccessorImpl.newInstance(NativeConstructorAccessorImpl.java:62)
	at sun.reflect.DelegatingConstructorAccessorImpl.newInstance(DelegatingConstructorAccessorImpl.java:45)
	at java.lang.reflect.Constructor.newInstance(Constructor.java:423)
	at com.mysql.jdbc.Util.handleNewInstance(Util.java:411)
	at com.mysql.jdbc.Util.getInstance(Util.java:386)
	at com.mysql.jdbc.SQLError.createSQLException(SQLError.java:1052)
	at com.mysql.jdbc.MysqlIO.checkErrorPacket(MysqlIO.java:4098)
	at com.mysql.jdbc.MysqlIO.checkErrorPacket(MysqlIO.java:4030)
	at com.mysql.jdbc.MysqlIO.sendCommand(MysqlIO.java:2490)
	at com.mysql.jdbc.MysqlIO.sqlQueryDirect(MysqlIO.java:2651)
	at com.mysql.jdbc.ConnectionImpl.execSQL(ConnectionImpl.java:2677)
	at com.mysql.jdbc.PreparedStatement.executeInternal(PreparedStatement.java:2134)
	at com.mysql.jdbc.PreparedStatement.executeQuery(PreparedStatement.java:2300)
	at model.UserDA.getUsers(UserDA.java:287)
	at bussiness.UserBC.getUsers(UserBC.java:68)
	at api.serviceUtils.UserService.getUsers(UserService.java:239)
	at api.controller.user.UserControllerv1.getList(UserControllerv1.java:159)
	at api.controller.user.UserControllerv1.processRequest(UserControllerv1.java:62)
	at api.baseController.BaseController.processRequest(BaseController.java:73)
	at api.servlet.UserServlet.doGet(UserServlet.java:48)
	at api.servlet.UserServlet.doPost(UserServlet.java:69)
	at javax.servlet.http.HttpServlet.service(HttpServlet.java:707)
	at javax.servlet.http.HttpServlet.service(HttpServlet.java:790)
	at org.eclipse.jetty.servlet.ServletHolder.handle(ServletHolder.java:696)
	at org.eclipse.jetty.servlet.ServletHandler.doHandle(ServletHandler.java:526)
	at org.eclipse.jetty.server.session.SessionHandler.doHandle(SessionHandler.java:219)
	at org.eclipse.jetty.server.handler.ContextHandler.doHandle(ContextHandler.java:1110)
	at org.eclipse.jetty.servlet.ServletHandler.doScope(ServletHandler.java:453)
	at org.eclipse.jetty.server.session.SessionHandler.doScope(SessionHandler.java:183)
	at org.eclipse.jetty.server.handler.ContextHandler.doScope(ContextHandler.java:1044)
	at org.eclipse.jetty.server.handler.ScopedHandler.handle(ScopedHandler.java:141)
	at org.eclipse.jetty.server.Dispatcher.forward(Dispatcher.java:261)
	at org.eclipse.jetty.server.Dispatcher.forward(Dispatcher.java:101)
	at nct.rewrite.handle.NctRewrite.forwardRequestAPIMobile(NctRewrite.java:226)
	at api.servlet.RedirectServlet.doGet(RedirectServlet.java:38)
	at api.servlet.RedirectServlet.doPost(RedirectServlet.java:49)
	at javax.servlet.http.HttpServlet.service(HttpServlet.java:707)
	at javax.servlet.http.HttpServlet.service(HttpServlet.java:790)
	at org.eclipse.jetty.servlet.ServletHolder.handle(ServletHolder.java:696)
	at org.eclipse.jetty.servlet.ServletHandler$CachedChain.doFilter(ServletHandler.java:1568)
	at org.eclipse.jetty.servlets.UserAgentFilter.doFilter(UserAgentFilter.java:83)
	at org.eclipse.jetty.servlets.GzipFilter.doFilter(GzipFilter.java:295)
	at org.eclipse.jetty.servlet.ServletHandler$CachedChain.doFilter(ServletHandler.java:1539)
	at org.eclipse.jetty.servlet.ServletHandler.doHandle(ServletHandler.java:524)
	at org.eclipse.jetty.server.session.SessionHandler.doHandle(SessionHandler.java:219)
	at org.eclipse.jetty.server.handler.ContextHandler.doHandle(ContextHandler.java:1110)
	at org.eclipse.jetty.servlet.ServletHandler.doScope(ServletHandler.java:453)
	at org.eclipse.jetty.server.session.SessionHandler.doScope(SessionHandler.java:183)
	at org.eclipse.jetty.server.handler.ContextHandler.doScope(ContextHandler.java:1044)
	at org.eclipse.jetty.server.handler.ScopedHandler.handle(ScopedHandler.java:141)
	at org.eclipse.jetty.server.handler.HandlerCollection.handle(HandlerCollection.java:109)
	at org.eclipse.jetty.server.handler.HandlerWrapper.handle(HandlerWrapper.java:97)
	at org.eclipse.jetty.server.Server.handle(Server.java:459)
	at org.eclipse.jetty.server.HttpChannel.handle(HttpChannel.java:280)
	at org.eclipse.jetty.server.HttpConnection.onFillable(HttpConnection.java:229)
	at org.eclipse.jetty.io.AbstractConnection$1.run(AbstractConnection.java:505)
	at org.eclipse.jetty.util.thread.QueuedThreadPool.runJob(QueuedThreadPool.java:607)
	at org.eclipse.jetty.util.thread.QueuedThreadPool$3.run(QueuedThreadPool.java:536)
	at java.lang.Thread.run(Thread.java:745)

